This is TeX, Version 3.14159 (Web2C 7.4.5) (format=latex 2005.4.6)  11 JUL 2005 10:14
**./images.tex
(./images.tex
LaTeX2e <2001/06/01>
Babel <v3.7h> and hyphenation patterns for american, french, german, ngerman, n
ohyphenation, loaded.

(/usr/share/texmf/tex/latex/base/article.cls
Document Class: article 2001/04/21 v1.4e Standard LaTeX document class
(/usr/share/texmf/tex/latex/base/size10.clo
File: size10.clo 2001/04/21 v1.4e Standard LaTeX file (size option)
)
\c@part=\count79
\c@section=\count80
\c@subsection=\count81
\c@subsubsection=\count82
\c@paragraph=\count83
\c@subparagraph=\count84
\c@figure=\count85
\c@table=\count86
\abovecaptionskip=\skip41
\belowcaptionskip=\skip42
\bibindent=\dimen102
) (/usr/share/texmf/tex/latex/base/ifthen.sty
Package: ifthen 2001/05/26 v1.1c Standard LaTeX ifthen package (DPC)
) (/usr/share/texmf/tex/latex/hyperref/hyperref.sty
Package: hyperref 2003/01/22 v6.73n Hypertext links for LaTeX
(/usr/share/texmf/tex/latex/graphics/keyval.sty
Package: keyval 1999/03/16 v1.13 key=value parser (DPC)
\KV@toks@=\toks14
)
\@linkdim=\dimen103
\Hy@linkcounter=\count87
\Hy@pagecounter=\count88
(/usr/share/texmf/tex/latex/hyperref/pd1enc.def
File: pd1enc.def 2003/01/22 v6.73n Hyperref: PDFDocEncoding definition (HO)
) (/usr/share/texmf/tex/latex/config/hyperref.cfg
File: hyperref.cfg 2002/06/06 v1.2 hyperref configuration of TeXLive and teTeX
)
Package hyperref Info: Hyper figures OFF on input line 1792.
Package hyperref Info: Link nesting OFF on input line 1797.
Package hyperref Info: Hyper index ON on input line 1800.
Package hyperref Info: Plain pages ON on input line 1805.
Package hyperref Info: Backreferencing OFF on input line 1812.
Implicit mode ON; LaTeX internals redefined
Package hyperref Info: Bookmarks ON on input line 1916.
(/usr/share/texmf/tex/latex/html/url.sty
Package: url 1999/03/02  ver 1.4  Verb mode for urls, email addresses, and file
 names
)
LaTeX Info: Redefining \url on input line 2055.
\Fld@menulength=\count89
\Field@Width=\dimen104
\Fld@charsize=\dimen105
\Choice@toks=\toks15
\Field@toks=\toks16
Package hyperref Info: Hyper figures OFF on input line 2513.
Package hyperref Info: Link nesting OFF on input line 2518.
Package hyperref Info: Hyper index ON on input line 2521.
Package hyperref Info: backreferencing OFF on input line 2528.
Package hyperref Info: Link coloring OFF on input line 2533.
\c@Item=\count90
\c@Hfootnote=\count91
)
*hyperref using default driver hdvips*
(/usr/share/texmf/tex/latex/hyperref/hdvips.def
File: hdvips.def 2003/01/22 v6.73n Hyperref driver for dvips
(/usr/share/texmf/tex/latex/hyperref/pdfmark.def
File: pdfmark.def 2003/01/22 v6.73n Hyperref definitions for pdfmark specials
\pdf@docset=\toks17
\pdf@box=\box26
\pdf@toks=\toks18
\pdf@defaulttoks=\toks19
\Fld@listcount=\count92
\@outlinefile=\write3
)) (/usr/share/texmf/tex/latex/listings/listings.sty
Package: listings 2002/04/01 1.0 (Carsten Heinz)
\lst@mode=\count93
\lst@gtempboxa=\box27
\lst@token=\toks20
\lst@length=\count94
\lst@currlwidth=\dimen106
\lst@column=\count95
\lst@pos=\count96
\lst@lostspace=\dimen107
\lst@width=\dimen108
\lst@newlines=\count97
\lst@lineno=\count98
\c@lstlisting=\count99
\lst@maxwidth=\dimen109
(/usr/share/texmf/tex/latex/listings/lstpatch.sty
File: lstpatch.sty 2002/10/13 1.0i (Carsten Heinz)
) (/usr/share/texmf/tex/latex/listings/lstmisc.sty
File: lstmisc.sty 2002/04/01 1.0 (Carsten Heinz)
\c@lstnumber=\count100
\lst@skipnumbers=\count101
\lst@framebox=\box28
) (/usr/share/texmf/tex/latex/listings/listings.cfg
File: listings.cfg 2002/04/01 v1.0 listings configuration
)) (/usr/share/texmf/tex/latex/graphics/color.sty
Package: color 1999/02/16 v1.0i Standard LaTeX Color (DPC)
(/usr/share/texmf/tex/latex/config/color.cfg
File: color.cfg 2001/08/31 v1.1 color configuration of teTeX/TeXLive
)
Package color Info: Driver file: dvips.def on input line 125.
(/usr/share/texmf/tex/latex/graphics/dvips.def
File: dvips.def 1999/02/16 v3.0i Driver-dependant file (DPC,SPQR)
) (/usr/share/texmf/tex/latex/graphics/dvipsnam.def
File: dvipsnam.def 1999/02/16 v3.0i Driver-dependant file (DPC,SPQR)
))

Package hyperref Warning: Option `backref' has already been used,
(hyperref)                setting the option has no effect on input line 11.

Package hyperref Info: Option `colorlinks' set `true' on input line 11.
(/usr/share/texmf/tex/latex/base/inputenc.sty
Package: inputenc 2001/07/10 v0.99a Input encoding file 
)
\sizebox=\box29
\lthtmlwrite=\write4
(./images.aux (/home/gaballo/stage/doc/apidoc/dependences.aux))
\openout1 = `images.aux'.

LaTeX Font Info:    Checking defaults for OML/cmm/m/it on input line 118.
LaTeX Font Info:    ... okay on input line 118.
LaTeX Font Info:    Checking defaults for T1/cmr/m/n on input line 118.
LaTeX Font Info:    ... okay on input line 118.
LaTeX Font Info:    Checking defaults for OT1/cmr/m/n on input line 118.
LaTeX Font Info:    ... okay on input line 118.
LaTeX Font Info:    Checking defaults for OMS/cmsy/m/n on input line 118.
LaTeX Font Info:    ... okay on input line 118.
LaTeX Font Info:    Checking defaults for OMX/cmex/m/n on input line 118.
LaTeX Font Info:    ... okay on input line 118.
LaTeX Font Info:    Checking defaults for U/cmr/m/n on input line 118.
LaTeX Font Info:    ... okay on input line 118.
LaTeX Font Info:    Checking defaults for PD1/pdf/m/n on input line 118.
LaTeX Font Info:    ... okay on input line 118.
Package hyperref Info: Link coloring ON on input line 118.
(/usr/share/texmf/tex/latex/hyperref/nameref.sty
Package: nameref 2001/01/27 v2.19 Cross-referencing by name of section
\c@section@level=\count102
)
LaTeX Info: Redefining \ref on input line 118.
LaTeX Info: Redefining \pageref on input line 118.
\openout3 = `images.out'.


latex2htmlLength hsize=349.0pt

latex2htmlLength vsize=682.0pt

latex2htmlLength hoffset=0.0pt

latex2htmlLength voffset=0.0pt

latex2htmlLength topmargin=0.0pt

latex2htmlLength topskip=0.00003pt

latex2htmlLength headheight=0.0pt

latex2htmlLength headsep=0.0pt

latex2htmlLength parskip=0.0pt plus 1.0pt

latex2htmlLength oddsidemargin=53.0pt

latex2htmlLength evensidemargin=53.0pt


Package hyperref Warning: bookmark level for unknown lstlisting defaults to 0.

l2hSize :lstlisting77:68.74443pt::0.0pt::349.0pt.
[1



]

Package hyperref Warning: bookmark level for unknown lstlisting defaults to 0.

LaTeX Font Info:    Try loading font information for OMS+cmr on input line 164.

(/usr/share/texmf/tex/latex/base/omscmr.fd
File: omscmr.fd 1999/05/25 v2.5h Standard LaTeX font definitions
)
LaTeX Font Info:    Font shape `OMS/cmr/m/n' in size <10> not available
(Font)              Font shape `OMS/cmsy/m/n' tried instead on input line 164.
l2hSize :lstlisting82:116.74443pt::0.0pt::349.0pt.
[2


]

Package hyperref Warning: bookmark level for unknown lstlisting defaults to 0.

l2hSize :lstlisting88:68.74443pt::0.0pt::349.0pt.
[3


]

Package hyperref Warning: bookmark level for unknown lstlisting defaults to 0.

l2hSize :lstlisting94:284.74443pt::0.0pt::349.0pt.
[4


]

Package hyperref Warning: bookmark level for unknown lstlisting defaults to 0.

l2hSize :lstlisting99:116.74443pt::0.0pt::349.0pt.
[5


]

Package hyperref Warning: bookmark level for unknown lstlisting defaults to 0.

l2hSize :lstlisting107:68.74443pt::0.0pt::349.0pt.
[6


]

Package hyperref Warning: bookmark level for unknown lstlisting defaults to 0.

l2hSize :lstlisting113:128.74443pt::0.0pt::349.0pt.
[7


]

Package hyperref Warning: bookmark level for unknown lstlisting defaults to 0.

l2hSize :lstlisting121:176.6333pt::0.0pt::349.0pt.
[8


]

Package hyperref Warning: bookmark level for unknown lstlisting defaults to 0.

LaTeX Font Info:    External font `cmex10' loaded for size
(Font)              <7> on input line 283.
LaTeX Font Info:    External font `cmex10' loaded for size
(Font)              <5> on input line 283.
l2hSize :lstlisting129:188.74443pt::0.0pt::349.0pt.
[9


]

Package hyperref Warning: bookmark level for unknown lstlisting defaults to 0.

l2hSize :lstlisting135:248.74443pt::0.0pt::349.0pt.
[10


] (./images.aux)

LaTeX Warning: Label(s) may have changed. Rerun to get cross-references right.

 ) 
Here is how much of TeX's memory you used:
 3296 strings out of 95847
 46193 string characters out of 1195949
 114043 words of memory out of 1000001
 6248 multiletter control sequences out of 10000+50000
 3640 words of font info for 14 fonts, out of 500000 for 1000
 14 hyphenation exceptions out of 1000
 26i,6n,42p,195b,855s stack positions out of 1500i,500n,5000p,200000b,5000s

Output written on images.dvi (10 pages, 38616 bytes).
